Performing C++ SOURCE FILE Test CMAKE_HAVE_LIBC_PTHREAD failed with the following output:
Change Dir: /home/gallaann/AndroidStudioProjects/libs/spdlog/build/x86_64/CMakeFiles/CMakeTmp

Run Build Command(s):/usr/bin/gmake -f Makefile cmTC_f2ac5/fast && /usr/bin/gmake  -f CMakeFiles/cmTC_f2ac5.dir/build.make CMakeFiles/cmTC_f2ac5.dir/build
gmake[1]: Entering directory '/home/gallaann/AndroidStudioProjects/libs/spdlog/build/x86_64/CMakeFiles/CMakeTmp'
Building CXX object CMakeFiles/cmTC_f2ac5.dir/src.cxx.o
/home/gallaann/Android/Sdk/ndk/23.1.7779620/toolchains/llvm/prebuilt/linux-x86_64/bin/clang++ --target=x86_64-none-linux-android21 --sysroot=/home/gallaann/Android/Sdk/ndk/23.1.7779620/toolchains/llvm/prebuilt/linux-x86_64/sysroot -DCMAKE_HAVE_LIBC_PTHREAD  -DSPDLOG_COMPILED_LIB  -O2 -g -DNDEBUG -fPIE -std=c++11 -MD -MT CMakeFiles/cmTC_f2ac5.dir/src.cxx.o -MF CMakeFiles/cmTC_f2ac5.dir/src.cxx.o.d -o CMakeFiles/cmTC_f2ac5.dir/src.cxx.o -c /home/gallaann/AndroidStudioProjects/libs/spdlog/build/x86_64/CMakeFiles/CMakeTmp/src.cxx
/home/gallaann/AndroidStudioProjects/libs/spdlog/build/x86_64/CMakeFiles/CMakeTmp/src.cxx:13:3: error: use of undeclared identifier 'pthread_cancel'
  pthread_cancel(thread);
  ^
1 error generated.
gmake[1]: *** [CMakeFiles/cmTC_f2ac5.dir/build.make:79: CMakeFiles/cmTC_f2ac5.dir/src.cxx.o] Error 1
gmake[1]: Leaving directory '/home/gallaann/AndroidStudioProjects/libs/spdlog/build/x86_64/CMakeFiles/CMakeTmp'
gmake: *** [Makefile:127: cmTC_f2ac5/fast] Error 2


Source file was:
#include <pthread.h>

static void* test_func(void* data)
{
  return data;
}

int main(void)
{
  pthread_t thread;
  pthread_create(&thread, NULL, test_func, NULL);
  pthread_detach(thread);
  pthread_cancel(thread);
  pthread_join(thread, NULL);
  pthread_atfork(NULL, NULL, NULL);
  pthread_exit(NULL);

  return 0;
}

Determining if the function pthread_create exists in the pthreads failed with the following output:
Change Dir: /home/gallaann/AndroidStudioProjects/libs/spdlog/build/x86_64/CMakeFiles/CMakeTmp

Run Build Command(s):/usr/bin/gmake -f Makefile cmTC_9e9de/fast && /usr/bin/gmake  -f CMakeFiles/cmTC_9e9de.dir/build.make CMakeFiles/cmTC_9e9de.dir/build
gmake[1]: Entering directory '/home/gallaann/AndroidStudioProjects/libs/spdlog/build/x86_64/CMakeFiles/CMakeTmp'
Building CXX object CMakeFiles/cmTC_9e9de.dir/CheckFunctionExists.cxx.o
/home/gallaann/Android/Sdk/ndk/23.1.7779620/toolchains/llvm/prebuilt/linux-x86_64/bin/clang++ --target=x86_64-none-linux-android21 --sysroot=/home/gallaann/Android/Sdk/ndk/23.1.7779620/toolchains/llvm/prebuilt/linux-x86_64/sysroot   -DSPDLOG_COMPILED_LIB -DCHECK_FUNCTION_EXISTS=pthread_create -O2 -g -DNDEBUG -fPIE -std=c++11 -MD -MT CMakeFiles/cmTC_9e9de.dir/CheckFunctionExists.cxx.o -MF CMakeFiles/cmTC_9e9de.dir/CheckFunctionExists.cxx.o.d -o CMakeFiles/cmTC_9e9de.dir/CheckFunctionExists.cxx.o -c /home/gallaann/AndroidStudioProjects/libs/spdlog/build/x86_64/CMakeFiles/CheckLibraryExists/CheckFunctionExists.cxx
Linking CXX executable cmTC_9e9de
/home/gallaann/Android/Sdk/cmake/3.22.1/bin/cmake -E cmake_link_script CMakeFiles/cmTC_9e9de.dir/link.txt --verbose=1
/home/gallaann/Android/Sdk/ndk/23.1.7779620/toolchains/llvm/prebuilt/linux-x86_64/bin/clang++ --target=x86_64-none-linux-android21 --sysroot=/home/gallaann/Android/Sdk/ndk/23.1.7779620/toolchains/llvm/prebuilt/linux-x86_64/sysroot -DSPDLOG_COMPILED_LIB -DCHECK_FUNCTION_EXISTS=pthread_create -O2 -g -DNDEBUG -Wl,--build-id=sha1 -Wl,--no-rosegment -Wl,--fatal-warnings -Qunused-arguments -Wl,--no-undefined  -Wl,--gc-sections  CMakeFiles/cmTC_9e9de.dir/CheckFunctionExists.cxx.o -o cmTC_9e9de  -lpthreads  -static-libstdc++ -latomic -lm 
ld: error: unable to find library -lpthreads
clang-12: error: linker command failed with exit code 1 (use -v to see invocation)
gmake[1]: *** [CMakeFiles/cmTC_9e9de.dir/build.make:100: cmTC_9e9de] Error 1
gmake[1]: Leaving directory '/home/gallaann/AndroidStudioProjects/libs/spdlog/build/x86_64/CMakeFiles/CMakeTmp'
gmake: *** [Makefile:127: cmTC_9e9de/fast] Error 2



Determining if the function pthread_create exists in the pthread failed with the following output:
Change Dir: /home/gallaann/AndroidStudioProjects/libs/spdlog/build/x86_64/CMakeFiles/CMakeTmp

Run Build Command(s):/usr/bin/gmake -f Makefile cmTC_cb3dc/fast && /usr/bin/gmake  -f CMakeFiles/cmTC_cb3dc.dir/build.make CMakeFiles/cmTC_cb3dc.dir/build
gmake[1]: Entering directory '/home/gallaann/AndroidStudioProjects/libs/spdlog/build/x86_64/CMakeFiles/CMakeTmp'
Building CXX object CMakeFiles/cmTC_cb3dc.dir/CheckFunctionExists.cxx.o
/home/gallaann/Android/Sdk/ndk/23.1.7779620/toolchains/llvm/prebuilt/linux-x86_64/bin/clang++ --target=x86_64-none-linux-android21 --sysroot=/home/gallaann/Android/Sdk/ndk/23.1.7779620/toolchains/llvm/prebuilt/linux-x86_64/sysroot   -DSPDLOG_COMPILED_LIB -DCHECK_FUNCTION_EXISTS=pthread_create -O2 -g -DNDEBUG -fPIE -std=c++11 -MD -MT CMakeFiles/cmTC_cb3dc.dir/CheckFunctionExists.cxx.o -MF CMakeFiles/cmTC_cb3dc.dir/CheckFunctionExists.cxx.o.d -o CMakeFiles/cmTC_cb3dc.dir/CheckFunctionExists.cxx.o -c /home/gallaann/AndroidStudioProjects/libs/spdlog/build/x86_64/CMakeFiles/CheckLibraryExists/CheckFunctionExists.cxx
Linking CXX executable cmTC_cb3dc
/home/gallaann/Android/Sdk/cmake/3.22.1/bin/cmake -E cmake_link_script CMakeFiles/cmTC_cb3dc.dir/link.txt --verbose=1
/home/gallaann/Android/Sdk/ndk/23.1.7779620/toolchains/llvm/prebuilt/linux-x86_64/bin/clang++ --target=x86_64-none-linux-android21 --sysroot=/home/gallaann/Android/Sdk/ndk/23.1.7779620/toolchains/llvm/prebuilt/linux-x86_64/sysroot -DSPDLOG_COMPILED_LIB -DCHECK_FUNCTION_EXISTS=pthread_create -O2 -g -DNDEBUG -Wl,--build-id=sha1 -Wl,--no-rosegment -Wl,--fatal-warnings -Qunused-arguments -Wl,--no-undefined  -Wl,--gc-sections  CMakeFiles/cmTC_cb3dc.dir/CheckFunctionExists.cxx.o -o cmTC_cb3dc  -lpthread  -static-libstdc++ -latomic -lm 
ld: error: unable to find library -lpthread
clang-12: error: linker command failed with exit code 1 (use -v to see invocation)
gmake[1]: *** [CMakeFiles/cmTC_cb3dc.dir/build.make:100: cmTC_cb3dc] Error 1
gmake[1]: Leaving directory '/home/gallaann/AndroidStudioProjects/libs/spdlog/build/x86_64/CMakeFiles/CMakeTmp'
gmake: *** [Makefile:127: cmTC_cb3dc/fast] Error 2



