The target system is: Android - 21 - x86_64
The host system is: Linux - 6.1.10-200.fc37.x86_64 - x86_64
Compiling the C compiler identification source file "CMakeCCompilerId.c" succeeded.
Compiler: /home/gallaann/Android/Sdk/ndk/23.1.7779620/toolchains/llvm/prebuilt/linux-x86_64/bin/clang 
Build flags: 
Id flags: -c;--target=x86_64-none-linux-android21 

The output was:
0


Compilation of the C compiler identification source "CMakeCCompilerId.c" produced "CMakeCCompilerId.o"

The C compiler identification is Clang, found in "/home/gallaann/AndroidStudioProjects/libs/mbedits/build/x86_64/CMakeFiles/3.22.1-g37088a8/CompilerIdC/CMakeCCompilerId.o"

Detecting C compiler ABI info compiled with the following output:
Change Dir: /home/gallaann/AndroidStudioProjects/libs/mbedits/build/x86_64/CMakeFiles/CMakeTmp

Run Build Command(s):/usr/bin/gmake -f Makefile cmTC_eee3e/fast && /usr/bin/gmake  -f CMakeFiles/cmTC_eee3e.dir/build.make CMakeFiles/cmTC_eee3e.dir/build
gmake[1]: Entering directory '/home/gallaann/AndroidStudioProjects/libs/mbedits/build/x86_64/CMakeFiles/CMakeTmp'
Building C object CMakeFiles/cmTC_eee3e.dir/CMakeCCompilerABI.c.o
/home/gallaann/Android/Sdk/ndk/23.1.7779620/toolchains/llvm/prebuilt/linux-x86_64/bin/clang --target=x86_64-none-linux-android21 --sysroot=/home/gallaann/Android/Sdk/ndk/23.1.7779620/toolchains/llvm/prebuilt/linux-x86_64/sysroot   -DANDROID -fdata-sections -ffunction-sections -funwind-tables -fstack-protector-strong -no-canonical-prefixes -D_FORTIFY_SOURCE=2 -Wformat -fexceptions  -O2 -g -DNDEBUG -fPIE   -v -MD -MT CMakeFiles/cmTC_eee3e.dir/CMakeCCompilerABI.c.o -MF CMakeFiles/cmTC_eee3e.dir/CMakeCCompilerABI.c.o.d -o CMakeFiles/cmTC_eee3e.dir/CMakeCCompilerABI.c.o -c /home/gallaann/Android/Sdk/cmake/3.22.1/share/cmake-3.22/Modules/CMakeCCompilerABI.c
Android (7714059, based on r416183c1) clang version 12.0.8 (https://android.googlesource.com/toolchain/llvm-project c935d99d7cf2016289302412d708641d52d2f7ee)
Target: x86_64-none-linux-android21
Thread model: posix
InstalledDir: /home/gallaann/Android/Sdk/ndk/23.1.7779620/toolchains/llvm/prebuilt/linux-x86_64/bin
Found candidate GCC installation: /home/gallaann/Android/Sdk/ndk/23.1.7779620/toolchains/llvm/prebuilt/linux-x86_64/bin/../lib/gcc/i686-linux-android/4.9.x
Found candidate GCC installation: /home/gallaann/Android/Sdk/ndk/23.1.7779620/toolchains/llvm/prebuilt/linux-x86_64/bin/../lib/gcc/x86_64-linux-android/4.9.x
Selected GCC installation: /home/gallaann/Android/Sdk/ndk/23.1.7779620/toolchains/llvm/prebuilt/linux-x86_64/bin/../lib/gcc/x86_64-linux-android/4.9.x
Candidate multilib: .;@m64
Selected multilib: .;@m64
 (in-process)
 "/home/gallaann/Android/Sdk/ndk/23.1.7779620/toolchains/llvm/prebuilt/linux-x86_64/bin/clang" -cc1 -triple x86_64-none-linux-android21 -emit-obj --mrelax-relocations -mnoexecstack -disable-free -disable-llvm-verifier -discard-value-names -main-file-name CMakeCCompilerABI.c -mrelocation-model pic -pic-level 2 -pic-is-pie -mframe-pointer=none -fno-rounding-math -mconstructor-aliases -munwind-tables -target-cpu x86-64 -target-feature +sse4.2 -target-feature +popcnt -target-feature +cx16 -tune-cpu generic -fno-split-dwarf-inlining -debug-info-kind=limited -dwarf-version=4 -debugger-tuning=gdb -v -ffunction-sections -fdata-sections -resource-dir /home/gallaann/Android/Sdk/ndk/23.1.7779620/toolchains/llvm/prebuilt/linux-x86_64/lib64/clang/12.0.8 -dependency-file CMakeFiles/cmTC_eee3e.dir/CMakeCCompilerABI.c.o.d -MT CMakeFiles/cmTC_eee3e.dir/CMakeCCompilerABI.c.o -sys-header-deps -D ANDROID -D _FORTIFY_SOURCE=2 -D NDEBUG -isysroot /home/gallaann/Android/Sdk/ndk/23.1.7779620/toolchains/llvm/prebuilt/linux-x86_64/sysroot -internal-isystem /home/gallaann/Android/Sdk/ndk/23.1.7779620/toolchains/llvm/prebuilt/linux-x86_64/sysroot/usr/local/include -internal-isystem /home/gallaann/Android/Sdk/ndk/23.1.7779620/toolchains/llvm/prebuilt/linux-x86_64/lib64/clang/12.0.8/include -internal-externc-isystem /home/gallaann/Android/Sdk/ndk/23.1.7779620/toolchains/llvm/prebuilt/linux-x86_64/sysroot/usr/include/x86_64-linux-android -internal-externc-isystem /home/gallaann/Android/Sdk/ndk/23.1.7779620/toolchains/llvm/prebuilt/linux-x86_64/sysroot/include -internal-externc-isystem /home/gallaann/Android/Sdk/ndk/23.1.7779620/toolchains/llvm/prebuilt/linux-x86_64/sysroot/usr/include -O2 -Wformat -fdebug-compilation-dir /home/gallaann/AndroidStudioProjects/libs/mbedits/build/x86_64/CMakeFiles/CMakeTmp -ferror-limit 19 -stack-protector 2 -fgnuc-version=4.2.1 -fexceptions -vectorize-loops -vectorize-slp -o CMakeFiles/cmTC_eee3e.dir/CMakeCCompilerABI.c.o -x c /home/gallaann/Android/Sdk/cmake/3.22.1/share/cmake-3.22/Modules/CMakeCCompilerABI.c
clang -cc1 version 12.0.8 based upon LLVM 12.0.8git default target x86_64-unknown-linux-gnu
ignoring nonexistent directory "/home/gallaann/Android/Sdk/ndk/23.1.7779620/toolchains/llvm/prebuilt/linux-x86_64/sysroot/include"
#include "..." search starts here:
#include <...> search starts here:
 /home/gallaann/Android/Sdk/ndk/23.1.7779620/toolchains/llvm/prebuilt/linux-x86_64/sysroot/usr/local/include
 /home/gallaann/Android/Sdk/ndk/23.1.7779620/toolchains/llvm/prebuilt/linux-x86_64/lib64/clang/12.0.8/include
 /home/gallaann/Android/Sdk/ndk/23.1.7779620/toolchains/llvm/prebuilt/linux-x86_64/sysroot/usr/include/x86_64-linux-android
 /home/gallaann/Android/Sdk/ndk/23.1.7779620/toolchains/llvm/prebuilt/linux-x86_64/sysroot/usr/include
End of search list.
Linking C executable cmTC_eee3e
/home/gallaann/Android/Sdk/cmake/3.22.1/bin/cmake -E cmake_link_script CMakeFiles/cmTC_eee3e.dir/link.txt --verbose=1
/home/gallaann/Android/Sdk/ndk/23.1.7779620/toolchains/llvm/prebuilt/linux-x86_64/bin/clang --target=x86_64-none-linux-android21 --sysroot=/home/gallaann/Android/Sdk/ndk/23.1.7779620/toolchains/llvm/prebuilt/linux-x86_64/sysroot -DANDROID -fdata-sections -ffunction-sections -funwind-tables -fstack-protector-strong -no-canonical-prefixes -D_FORTIFY_SOURCE=2 -Wformat -fexceptions  -O2 -g -DNDEBUG -Wl,--build-id=sha1 -Wl,--no-rosegment -Wl,--fatal-warnings -Qunused-arguments -Wl,--no-undefined  -Wl,--gc-sections -v CMakeFiles/cmTC_eee3e.dir/CMakeCCompilerABI.c.o -o cmTC_eee3e   -latomic -lm 
Android (7714059, based on r416183c1) clang version 12.0.8 (https://android.googlesource.com/toolchain/llvm-project c935d99d7cf2016289302412d708641d52d2f7ee)
Target: x86_64-none-linux-android21
Thread model: posix
InstalledDir: /home/gallaann/Android/Sdk/ndk/23.1.7779620/toolchains/llvm/prebuilt/linux-x86_64/bin
Found candidate GCC installation: /home/gallaann/Android/Sdk/ndk/23.1.7779620/toolchains/llvm/prebuilt/linux-x86_64/bin/../lib/gcc/i686-linux-android/4.9.x
Found candidate GCC installation: /home/gallaann/Android/Sdk/ndk/23.1.7779620/toolchains/llvm/prebuilt/linux-x86_64/bin/../lib/gcc/x86_64-linux-android/4.9.x
Selected GCC installation: /home/gallaann/Android/Sdk/ndk/23.1.7779620/toolchains/llvm/prebuilt/linux-x86_64/bin/../lib/gcc/x86_64-linux-android/4.9.x
Candidate multilib: .;@m64
Selected multilib: .;@m64
 "/home/gallaann/Android/Sdk/ndk/23.1.7779620/toolchains/llvm/prebuilt/linux-x86_64/bin/ld" --sysroot=/home/gallaann/Android/Sdk/ndk/23.1.7779620/toolchains/llvm/prebuilt/linux-x86_64/sysroot -pie -z noexecstack --warn-shared-textrel -z now -z relro --hash-style=gnu --hash-style=both --enable-new-dtags --eh-frame-hdr -m elf_x86_64 -dynamic-linker /system/bin/linker64 -o cmTC_eee3e /home/gallaann/Android/Sdk/ndk/23.1.7779620/toolchains/llvm/prebuilt/linux-x86_64/sysroot/usr/lib/x86_64-linux-android/21/crtbegin_dynamic.o -L/home/gallaann/Android/Sdk/ndk/23.1.7779620/toolchains/llvm/prebuilt/linux-x86_64/lib64/clang/12.0.8/lib/linux/x86_64 -L/home/gallaann/Android/Sdk/ndk/23.1.7779620/toolchains/llvm/prebuilt/linux-x86_64/bin/../lib/gcc/x86_64-linux-android/4.9.x -L/home/gallaann/Android/Sdk/ndk/23.1.7779620/toolchains/llvm/prebuilt/linux-x86_64/sysroot/usr/lib/x86_64-linux-android/21 -L/home/gallaann/Android/Sdk/ndk/23.1.7779620/toolchains/llvm/prebuilt/linux-x86_64/sysroot/usr/lib/x86_64-linux-android -L/home/gallaann/Android/Sdk/ndk/23.1.7779620/toolchains/llvm/prebuilt/linux-x86_64/sysroot/usr/lib --build-id=sha1 --no-rosegment --fatal-warnings --no-undefined --gc-sections CMakeFiles/cmTC_eee3e.dir/CMakeCCompilerABI.c.o -latomic -lm /home/gallaann/Android/Sdk/ndk/23.1.7779620/toolchains/llvm/prebuilt/linux-x86_64/lib64/clang/12.0.8/lib/linux/libclang_rt.builtins-x86_64-android.a -l:libunwind.a -ldl -lc /home/gallaann/Android/Sdk/ndk/23.1.7779620/toolchains/llvm/prebuilt/linux-x86_64/lib64/clang/12.0.8/lib/linux/libclang_rt.builtins-x86_64-android.a -l:libunwind.a -ldl /home/gallaann/Android/Sdk/ndk/23.1.7779620/toolchains/llvm/prebuilt/linux-x86_64/sysroot/usr/lib/x86_64-linux-android/21/crtend_android.o
gmake[1]: Leaving directory '/home/gallaann/AndroidStudioProjects/libs/mbedits/build/x86_64/CMakeFiles/CMakeTmp'



Parsed C implicit include dir info from above output: rv=done
  found start of include info
  found start of implicit include info
    add: [/home/gallaann/Android/Sdk/ndk/23.1.7779620/toolchains/llvm/prebuilt/linux-x86_64/sysroot/usr/local/include]
    add: [/home/gallaann/Android/Sdk/ndk/23.1.7779620/toolchains/llvm/prebuilt/linux-x86_64/lib64/clang/12.0.8/include]
    add: [/home/gallaann/Android/Sdk/ndk/23.1.7779620/toolchains/llvm/prebuilt/linux-x86_64/sysroot/usr/include/x86_64-linux-android]
    add: [/home/gallaann/Android/Sdk/ndk/23.1.7779620/toolchains/llvm/prebuilt/linux-x86_64/sysroot/usr/include]
  end of search list found
  collapse include dir [/home/gallaann/Android/Sdk/ndk/23.1.7779620/toolchains/llvm/prebuilt/linux-x86_64/sysroot/usr/local/include] ==> [/home/gallaann/Android/Sdk/ndk/23.1.7779620/toolchains/llvm/prebuilt/linux-x86_64/sysroot/usr/local/include]
  collapse include dir [/home/gallaann/Android/Sdk/ndk/23.1.7779620/toolchains/llvm/prebuilt/linux-x86_64/lib64/clang/12.0.8/include] ==> [/home/gallaann/Android/Sdk/ndk/23.1.7779620/toolchains/llvm/prebuilt/linux-x86_64/lib64/clang/12.0.8/include]
  collapse include dir [/home/gallaann/Android/Sdk/ndk/23.1.7779620/toolchains/llvm/prebuilt/linux-x86_64/sysroot/usr/include/x86_64-linux-android] ==> [/home/gallaann/Android/Sdk/ndk/23.1.7779620/toolchains/llvm/prebuilt/linux-x86_64/sysroot/usr/include/x86_64-linux-android]
  collapse include dir [/home/gallaann/Android/Sdk/ndk/23.1.7779620/toolchains/llvm/prebuilt/linux-x86_64/sysroot/usr/include] ==> [/home/gallaann/Android/Sdk/ndk/23.1.7779620/toolchains/llvm/prebuilt/linux-x86_64/sysroot/usr/include]
  implicit include dirs: [/home/gallaann/Android/Sdk/ndk/23.1.7779620/toolchains/llvm/prebuilt/linux-x86_64/sysroot/usr/local/include;/home/gallaann/Android/Sdk/ndk/23.1.7779620/toolchains/llvm/prebuilt/linux-x86_64/lib64/clang/12.0.8/include;/home/gallaann/Android/Sdk/ndk/23.1.7779620/toolchains/llvm/prebuilt/linux-x86_64/sysroot/usr/include/x86_64-linux-android;/home/gallaann/Android/Sdk/ndk/23.1.7779620/toolchains/llvm/prebuilt/linux-x86_64/sysroot/usr/include]


Parsed C implicit link information from above output:
  link line regex: [^( *|.*[/\])(ld\.lld|CMAKE_LINK_STARTFILE-NOTFOUND|([^/\]+-)?ld|collect2)[^/\]*( |$)]
  ignore line: [Change Dir: /home/gallaann/AndroidStudioProjects/libs/mbedits/build/x86_64/CMakeFiles/CMakeTmp]
  ignore line: []
  ignore line: [Run Build Command(s):/usr/bin/gmake -f Makefile cmTC_eee3e/fast && /usr/bin/gmake  -f CMakeFiles/cmTC_eee3e.dir/build.make CMakeFiles/cmTC_eee3e.dir/build]
  ignore line: [gmake[1]: Entering directory '/home/gallaann/AndroidStudioProjects/libs/mbedits/build/x86_64/CMakeFiles/CMakeTmp']
  ignore line: [Building C object CMakeFiles/cmTC_eee3e.dir/CMakeCCompilerABI.c.o]
  ignore line: [/home/gallaann/Android/Sdk/ndk/23.1.7779620/toolchains/llvm/prebuilt/linux-x86_64/bin/clang --target=x86_64-none-linux-android21 --sysroot=/home/gallaann/Android/Sdk/ndk/23.1.7779620/toolchains/llvm/prebuilt/linux-x86_64/sysroot   -DANDROID -fdata-sections -ffunction-sections -funwind-tables -fstack-protector-strong -no-canonical-prefixes -D_FORTIFY_SOURCE=2 -Wformat -fexceptions  -O2 -g -DNDEBUG -fPIE   -v -MD -MT CMakeFiles/cmTC_eee3e.dir/CMakeCCompilerABI.c.o -MF CMakeFiles/cmTC_eee3e.dir/CMakeCCompilerABI.c.o.d -o CMakeFiles/cmTC_eee3e.dir/CMakeCCompilerABI.c.o -c /home/gallaann/Android/Sdk/cmake/3.22.1/share/cmake-3.22/Modules/CMakeCCompilerABI.c]
  ignore line: [Android (7714059  based on r416183c1) clang version 12.0.8 (https://android.googlesource.com/toolchain/llvm-project c935d99d7cf2016289302412d708641d52d2f7ee)]
  ignore line: [Target: x86_64-none-linux-android21]
  ignore line: [Thread model: posix]
  ignore line: [InstalledDir: /home/gallaann/Android/Sdk/ndk/23.1.7779620/toolchains/llvm/prebuilt/linux-x86_64/bin]
  ignore line: [Found candidate GCC installation: /home/gallaann/Android/Sdk/ndk/23.1.7779620/toolchains/llvm/prebuilt/linux-x86_64/bin/../lib/gcc/i686-linux-android/4.9.x]
  ignore line: [Found candidate GCC installation: /home/gallaann/Android/Sdk/ndk/23.1.7779620/toolchains/llvm/prebuilt/linux-x86_64/bin/../lib/gcc/x86_64-linux-android/4.9.x]
  ignore line: [Selected GCC installation: /home/gallaann/Android/Sdk/ndk/23.1.7779620/toolchains/llvm/prebuilt/linux-x86_64/bin/../lib/gcc/x86_64-linux-android/4.9.x]
  ignore line: [Candidate multilib: .]
  ignore line: [@m64]
  ignore line: [Selected multilib: .]
  ignore line: [@m64]
  ignore line: [ (in-process)]
  ignore line: [ "/home/gallaann/Android/Sdk/ndk/23.1.7779620/toolchains/llvm/prebuilt/linux-x86_64/bin/clang" -cc1 -triple x86_64-none-linux-android21 -emit-obj --mrelax-relocations -mnoexecstack -disable-free -disable-llvm-verifier -discard-value-names -main-file-name CMakeCCompilerABI.c -mrelocation-model pic -pic-level 2 -pic-is-pie -mframe-pointer=none -fno-rounding-math -mconstructor-aliases -munwind-tables -target-cpu x86-64 -target-feature +sse4.2 -target-feature +popcnt -target-feature +cx16 -tune-cpu generic -fno-split-dwarf-inlining -debug-info-kind=limited -dwarf-version=4 -debugger-tuning=gdb -v -ffunction-sections -fdata-sections -resource-dir /home/gallaann/Android/Sdk/ndk/23.1.7779620/toolchains/llvm/prebuilt/linux-x86_64/lib64/clang/12.0.8 -dependency-file CMakeFiles/cmTC_eee3e.dir/CMakeCCompilerABI.c.o.d -MT CMakeFiles/cmTC_eee3e.dir/CMakeCCompilerABI.c.o -sys-header-deps -D ANDROID -D _FORTIFY_SOURCE=2 -D NDEBUG -isysroot /home/gallaann/Android/Sdk/ndk/23.1.7779620/toolchains/llvm/prebuilt/linux-x86_64/sysroot -internal-isystem /home/gallaann/Android/Sdk/ndk/23.1.7779620/toolchains/llvm/prebuilt/linux-x86_64/sysroot/usr/local/include -internal-isystem /home/gallaann/Android/Sdk/ndk/23.1.7779620/toolchains/llvm/prebuilt/linux-x86_64/lib64/clang/12.0.8/include -internal-externc-isystem /home/gallaann/Android/Sdk/ndk/23.1.7779620/toolchains/llvm/prebuilt/linux-x86_64/sysroot/usr/include/x86_64-linux-android -internal-externc-isystem /home/gallaann/Android/Sdk/ndk/23.1.7779620/toolchains/llvm/prebuilt/linux-x86_64/sysroot/include -internal-externc-isystem /home/gallaann/Android/Sdk/ndk/23.1.7779620/toolchains/llvm/prebuilt/linux-x86_64/sysroot/usr/include -O2 -Wformat -fdebug-compilation-dir /home/gallaann/AndroidStudioProjects/libs/mbedits/build/x86_64/CMakeFiles/CMakeTmp -ferror-limit 19 -stack-protector 2 -fgnuc-version=4.2.1 -fexceptions -vectorize-loops -vectorize-slp -o CMakeFiles/cmTC_eee3e.dir/CMakeCCompilerABI.c.o -x c /home/gallaann/Android/Sdk/cmake/3.22.1/share/cmake-3.22/Modules/CMakeCCompilerABI.c]
  ignore line: [clang -cc1 version 12.0.8 based upon LLVM 12.0.8git default target x86_64-unknown-linux-gnu]
  ignore line: [ignoring nonexistent directory "/home/gallaann/Android/Sdk/ndk/23.1.7779620/toolchains/llvm/prebuilt/linux-x86_64/sysroot/include"]
  ignore line: [#include "..." search starts here:]
  ignore line: [#include <...> search starts here:]
  ignore line: [ /home/gallaann/Android/Sdk/ndk/23.1.7779620/toolchains/llvm/prebuilt/linux-x86_64/sysroot/usr/local/include]
  ignore line: [ /home/gallaann/Android/Sdk/ndk/23.1.7779620/toolchains/llvm/prebuilt/linux-x86_64/lib64/clang/12.0.8/include]
  ignore line: [ /home/gallaann/Android/Sdk/ndk/23.1.7779620/toolchains/llvm/prebuilt/linux-x86_64/sysroot/usr/include/x86_64-linux-android]
  ignore line: [ /home/gallaann/Android/Sdk/ndk/23.1.7779620/toolchains/llvm/prebuilt/linux-x86_64/sysroot/usr/include]
  ignore line: [End of search list.]
  ignore line: [Linking C executable cmTC_eee3e]
  ignore line: [/home/gallaann/Android/Sdk/cmake/3.22.1/bin/cmake -E cmake_link_script CMakeFiles/cmTC_eee3e.dir/link.txt --verbose=1]
  ignore line: [/home/gallaann/Android/Sdk/ndk/23.1.7779620/toolchains/llvm/prebuilt/linux-x86_64/bin/clang --target=x86_64-none-linux-android21 --sysroot=/home/gallaann/Android/Sdk/ndk/23.1.7779620/toolchains/llvm/prebuilt/linux-x86_64/sysroot -DANDROID -fdata-sections -ffunction-sections -funwind-tables -fstack-protector-strong -no-canonical-prefixes -D_FORTIFY_SOURCE=2 -Wformat -fexceptions  -O2 -g -DNDEBUG -Wl --build-id=sha1 -Wl --no-rosegment -Wl --fatal-warnings -Qunused-arguments -Wl --no-undefined  -Wl --gc-sections -v CMakeFiles/cmTC_eee3e.dir/CMakeCCompilerABI.c.o -o cmTC_eee3e   -latomic -lm ]
  ignore line: [Android (7714059  based on r416183c1) clang version 12.0.8 (https://android.googlesource.com/toolchain/llvm-project c935d99d7cf2016289302412d708641d52d2f7ee)]
  ignore line: [Target: x86_64-none-linux-android21]
  ignore line: [Thread model: posix]
  ignore line: [InstalledDir: /home/gallaann/Android/Sdk/ndk/23.1.7779620/toolchains/llvm/prebuilt/linux-x86_64/bin]
  ignore line: [Found candidate GCC installation: /home/gallaann/Android/Sdk/ndk/23.1.7779620/toolchains/llvm/prebuilt/linux-x86_64/bin/../lib/gcc/i686-linux-android/4.9.x]
  ignore line: [Found candidate GCC installation: /home/gallaann/Android/Sdk/ndk/23.1.7779620/toolchains/llvm/prebuilt/linux-x86_64/bin/../lib/gcc/x86_64-linux-android/4.9.x]
  ignore line: [Selected GCC installation: /home/gallaann/Android/Sdk/ndk/23.1.7779620/toolchains/llvm/prebuilt/linux-x86_64/bin/../lib/gcc/x86_64-linux-android/4.9.x]
  ignore line: [Candidate multilib: .]
  ignore line: [@m64]
  ignore line: [Selected multilib: .]
  ignore line: [@m64]
  link line: [ "/home/gallaann/Android/Sdk/ndk/23.1.7779620/toolchains/llvm/prebuilt/linux-x86_64/bin/ld" --sysroot=/home/gallaann/Android/Sdk/ndk/23.1.7779620/toolchains/llvm/prebuilt/linux-x86_64/sysroot -pie -z noexecstack --warn-shared-textrel -z now -z relro --hash-style=gnu --hash-style=both --enable-new-dtags --eh-frame-hdr -m elf_x86_64 -dynamic-linker /system/bin/linker64 -o cmTC_eee3e /home/gallaann/Android/Sdk/ndk/23.1.7779620/toolchains/llvm/prebuilt/linux-x86_64/sysroot/usr/lib/x86_64-linux-android/21/crtbegin_dynamic.o -L/home/gallaann/Android/Sdk/ndk/23.1.7779620/toolchains/llvm/prebuilt/linux-x86_64/lib64/clang/12.0.8/lib/linux/x86_64 -L/home/gallaann/Android/Sdk/ndk/23.1.7779620/toolchains/llvm/prebuilt/linux-x86_64/bin/../lib/gcc/x86_64-linux-android/4.9.x -L/home/gallaann/Android/Sdk/ndk/23.1.7779620/toolchains/llvm/prebuilt/linux-x86_64/sysroot/usr/lib/x86_64-linux-android/21 -L/home/gallaann/Android/Sdk/ndk/23.1.7779620/toolchains/llvm/prebuilt/linux-x86_64/sysroot/usr/lib/x86_64-linux-android -L/home/gallaann/Android/Sdk/ndk/23.1.7779620/toolchains/llvm/prebuilt/linux-x86_64/sysroot/usr/lib --build-id=sha1 --no-rosegment --fatal-warnings --no-undefined --gc-sections CMakeFiles/cmTC_eee3e.dir/CMakeCCompilerABI.c.o -latomic -lm /home/gallaann/Android/Sdk/ndk/23.1.7779620/toolchains/llvm/prebuilt/linux-x86_64/lib64/clang/12.0.8/lib/linux/libclang_rt.builtins-x86_64-android.a -l:libunwind.a -ldl -lc /home/gallaann/Android/Sdk/ndk/23.1.7779620/toolchains/llvm/prebuilt/linux-x86_64/lib64/clang/12.0.8/lib/linux/libclang_rt.builtins-x86_64-android.a -l:libunwind.a -ldl /home/gallaann/Android/Sdk/ndk/23.1.7779620/toolchains/llvm/prebuilt/linux-x86_64/sysroot/usr/lib/x86_64-linux-android/21/crtend_android.o]
    arg [/home/gallaann/Android/Sdk/ndk/23.1.7779620/toolchains/llvm/prebuilt/linux-x86_64/bin/ld] ==> ignore
    arg [--sysroot=/home/gallaann/Android/Sdk/ndk/23.1.7779620/toolchains/llvm/prebuilt/linux-x86_64/sysroot] ==> ignore
    arg [-pie] ==> ignore
    arg [-znoexecstack] ==> ignore
    arg [--warn-shared-textrel] ==> ignore
    arg [-znow] ==> ignore
    arg [-zrelro] ==> ignore
    arg [--hash-style=gnu] ==> ignore
    arg [--hash-style=both] ==> ignore
    arg [--enable-new-dtags] ==> ignore
    arg [--eh-frame-hdr] ==> ignore
    arg [-m] ==> ignore
    arg [elf_x86_64] ==> ignore
    arg [-dynamic-linker] ==> ignore
    arg [/system/bin/linker64] ==> ignore
    arg [-o] ==> ignore
    arg [cmTC_eee3e] ==> ignore
    arg [/home/gallaann/Android/Sdk/ndk/23.1.7779620/toolchains/llvm/prebuilt/linux-x86_64/sysroot/usr/lib/x86_64-linux-android/21/crtbegin_dynamic.o] ==> obj [/home/gallaann/Android/Sdk/ndk/23.1.7779620/toolchains/llvm/prebuilt/linux-x86_64/sysroot/usr/lib/x86_64-linux-android/21/crtbegin_dynamic.o]
    arg [-L/home/gallaann/Android/Sdk/ndk/23.1.7779620/toolchains/llvm/prebuilt/linux-x86_64/lib64/clang/12.0.8/lib/linux/x86_64] ==> dir [/home/gallaann/Android/Sdk/ndk/23.1.7779620/toolchains/llvm/prebuilt/linux-x86_64/lib64/clang/12.0.8/lib/linux/x86_64]
    arg [-L/home/gallaann/Android/Sdk/ndk/23.1.7779620/toolchains/llvm/prebuilt/linux-x86_64/bin/../lib/gcc/x86_64-linux-android/4.9.x] ==> dir [/home/gallaann/Android/Sdk/ndk/23.1.7779620/toolchains/llvm/prebuilt/linux-x86_64/bin/../lib/gcc/x86_64-linux-android/4.9.x]
    arg [-L/home/gallaann/Android/Sdk/ndk/23.1.7779620/toolchains/llvm/prebuilt/linux-x86_64/sysroot/usr/lib/x86_64-linux-android/21] ==> dir [/home/gallaann/Android/Sdk/ndk/23.1.7779620/toolchains/llvm/prebuilt/linux-x86_64/sysroot/usr/lib/x86_64-linux-android/21]
    arg [-L/home/gallaann/Android/Sdk/ndk/23.1.7779620/toolchains/llvm/prebuilt/linux-x86_64/sysroot/usr/lib/x86_64-linux-android] ==> dir [/home/gallaann/Android/Sdk/ndk/23.1.7779620/toolchains/llvm/prebuilt/linux-x86_64/sysroot/usr/lib/x86_64-linux-android]
    arg [-L/home/gallaann/Android/Sdk/ndk/23.1.7779620/toolchains/llvm/prebuilt/linux-x86_64/sysroot/usr/lib] ==> dir [/home/gallaann/Android/Sdk/ndk/23.1.7779620/toolchains/llvm/prebuilt/linux-x86_64/sysroot/usr/lib]
    arg [--build-id=sha1] ==> ignore
    arg [--no-rosegment] ==> ignore
    arg [--fatal-warnings] ==> ignore
    arg [--no-undefined] ==> ignore
    arg [--gc-sections] ==> ignore
    arg [CMakeFiles/cmTC_eee3e.dir/CMakeCCompilerABI.c.o] ==> ignore
    arg [-latomic] ==> lib [atomic]
    arg [-lm] ==> lib [m]
    arg [/home/gallaann/Android/Sdk/ndk/23.1.7779620/toolchains/llvm/prebuilt/linux-x86_64/lib64/clang/12.0.8/lib/linux/libclang_rt.builtins-x86_64-android.a] ==> lib [/home/gallaann/Android/Sdk/ndk/23.1.7779620/toolchains/llvm/prebuilt/linux-x86_64/lib64/clang/12.0.8/lib/linux/libclang_rt.builtins-x86_64-android.a]
    arg [-l:libunwind.a] ==> lib [-l:libunwind.a]
    arg [-ldl] ==> lib [dl]
    arg [-lc] ==> lib [c]
    arg [/home/gallaann/Android/Sdk/ndk/23.1.7779620/toolchains/llvm/prebuilt/linux-x86_64/lib64/clang/12.0.8/lib/linux/libclang_rt.builtins-x86_64-android.a] ==> lib [/home/gallaann/Android/Sdk/ndk/23.1.7779620/toolchains/llvm/prebuilt/linux-x86_64/lib64/clang/12.0.8/lib/linux/libclang_rt.builtins-x86_64-android.a]
    arg [-l:libunwind.a] ==> lib [-l:libunwind.a]
    arg [-ldl] ==> lib [dl]
    arg [/home/gallaann/Android/Sdk/ndk/23.1.7779620/toolchains/llvm/prebuilt/linux-x86_64/sysroot/usr/lib/x86_64-linux-android/21/crtend_android.o] ==> obj [/home/gallaann/Android/Sdk/ndk/23.1.7779620/toolchains/llvm/prebuilt/linux-x86_64/sysroot/usr/lib/x86_64-linux-android/21/crtend_android.o]
  remove lib [/home/gallaann/Android/Sdk/ndk/23.1.7779620/toolchains/llvm/prebuilt/linux-x86_64/lib64/clang/12.0.8/lib/linux/libclang_rt.builtins-x86_64-android.a]
  remove lib [/home/gallaann/Android/Sdk/ndk/23.1.7779620/toolchains/llvm/prebuilt/linux-x86_64/lib64/clang/12.0.8/lib/linux/libclang_rt.builtins-x86_64-android.a]
  collapse library dir [/home/gallaann/Android/Sdk/ndk/23.1.7779620/toolchains/llvm/prebuilt/linux-x86_64/lib64/clang/12.0.8/lib/linux/x86_64] ==> [/home/gallaann/Android/Sdk/ndk/23.1.7779620/toolchains/llvm/prebuilt/linux-x86_64/lib64/clang/12.0.8/lib/linux/x86_64]
  collapse library dir [/home/gallaann/Android/Sdk/ndk/23.1.7779620/toolchains/llvm/prebuilt/linux-x86_64/bin/../lib/gcc/x86_64-linux-android/4.9.x] ==> [/home/gallaann/Android/Sdk/ndk/23.1.7779620/toolchains/llvm/prebuilt/linux-x86_64/lib/gcc/x86_64-linux-android/4.9.x]
  collapse library dir [/home/gallaann/Android/Sdk/ndk/23.1.7779620/toolchains/llvm/prebuilt/linux-x86_64/sysroot/usr/lib/x86_64-linux-android/21] ==> [/home/gallaann/Android/Sdk/ndk/23.1.7779620/toolchains/llvm/prebuilt/linux-x86_64/sysroot/usr/lib/x86_64-linux-android/21]
  collapse library dir [/home/gallaann/Android/Sdk/ndk/23.1.7779620/toolchains/llvm/prebuilt/linux-x86_64/sysroot/usr/lib/x86_64-linux-android] ==> [/home/gallaann/Android/Sdk/ndk/23.1.7779620/toolchains/llvm/prebuilt/linux-x86_64/sysroot/usr/lib/x86_64-linux-android]
  collapse library dir [/home/gallaann/Android/Sdk/ndk/23.1.7779620/toolchains/llvm/prebuilt/linux-x86_64/sysroot/usr/lib] ==> [/home/gallaann/Android/Sdk/ndk/23.1.7779620/toolchains/llvm/prebuilt/linux-x86_64/sysroot/usr/lib]
  implicit libs: [atomic;m;-l:libunwind.a;dl;c;-l:libunwind.a;dl]
  implicit objs: [/home/gallaann/Android/Sdk/ndk/23.1.7779620/toolchains/llvm/prebuilt/linux-x86_64/sysroot/usr/lib/x86_64-linux-android/21/crtbegin_dynamic.o;/home/gallaann/Android/Sdk/ndk/23.1.7779620/toolchains/llvm/prebuilt/linux-x86_64/sysroot/usr/lib/x86_64-linux-android/21/crtend_android.o]
  implicit dirs: [/home/gallaann/Android/Sdk/ndk/23.1.7779620/toolchains/llvm/prebuilt/linux-x86_64/lib64/clang/12.0.8/lib/linux/x86_64;/home/gallaann/Android/Sdk/ndk/23.1.7779620/toolchains/llvm/prebuilt/linux-x86_64/lib/gcc/x86_64-linux-android/4.9.x;/home/gallaann/Android/Sdk/ndk/23.1.7779620/toolchains/llvm/prebuilt/linux-x86_64/sysroot/usr/lib/x86_64-linux-android/21;/home/gallaann/Android/Sdk/ndk/23.1.7779620/toolchains/llvm/prebuilt/linux-x86_64/sysroot/usr/lib/x86_64-linux-android;/home/gallaann/Android/Sdk/ndk/23.1.7779620/toolchains/llvm/prebuilt/linux-x86_64/sysroot/usr/lib]
  implicit fwks: []


Determining if the include file pthread.h exists passed with the following output:
Change Dir: /home/gallaann/AndroidStudioProjects/libs/mbedits/build/x86_64/CMakeFiles/CMakeTmp

Run Build Command(s):/usr/bin/gmake -f Makefile cmTC_f569c/fast && /usr/bin/gmake  -f CMakeFiles/cmTC_f569c.dir/build.make CMakeFiles/cmTC_f569c.dir/build
gmake[1]: Entering directory '/home/gallaann/AndroidStudioProjects/libs/mbedits/build/x86_64/CMakeFiles/CMakeTmp'
Building C object CMakeFiles/cmTC_f569c.dir/CheckIncludeFile.c.o
/home/gallaann/Android/Sdk/ndk/23.1.7779620/toolchains/llvm/prebuilt/linux-x86_64/bin/clang --target=x86_64-none-linux-android21 --sysroot=/home/gallaann/Android/Sdk/ndk/23.1.7779620/toolchains/llvm/prebuilt/linux-x86_64/sysroot   -DANDROID -fdata-sections -ffunction-sections -funwind-tables -fstack-protector-strong -no-canonical-prefixes -D_FORTIFY_SOURCE=2 -Wformat -Werror=format-security -fexceptions -Wall -Wextra -Wwrite-strings -Wpointer-arith -Wimplicit-fallthrough -Wshadow -Wvla -Wformat=2 -Wno-format-nonliteral -Werror  -O2 -g -DNDEBUG -fPIE -MD -MT CMakeFiles/cmTC_f569c.dir/CheckIncludeFile.c.o -MF CMakeFiles/cmTC_f569c.dir/CheckIncludeFile.c.o.d -o CMakeFiles/cmTC_f569c.dir/CheckIncludeFile.c.o -c /home/gallaann/AndroidStudioProjects/libs/mbedits/build/x86_64/CMakeFiles/CMakeTmp/CheckIncludeFile.c
Linking C executable cmTC_f569c
/home/gallaann/Android/Sdk/cmake/3.22.1/bin/cmake -E cmake_link_script CMakeFiles/cmTC_f569c.dir/link.txt --verbose=1
/home/gallaann/Android/Sdk/ndk/23.1.7779620/toolchains/llvm/prebuilt/linux-x86_64/bin/clang --target=x86_64-none-linux-android21 --sysroot=/home/gallaann/Android/Sdk/ndk/23.1.7779620/toolchains/llvm/prebuilt/linux-x86_64/sysroot -DANDROID -fdata-sections -ffunction-sections -funwind-tables -fstack-protector-strong -no-canonical-prefixes -D_FORTIFY_SOURCE=2 -Wformat -Werror=format-security -fexceptions -Wall -Wextra -Wwrite-strings -Wpointer-arith -Wimplicit-fallthrough -Wshadow -Wvla -Wformat=2 -Wno-format-nonliteral -Werror  -O2 -g -DNDEBUG -Wl,--build-id=sha1 -Wl,--no-rosegment -Wl,--fatal-warnings -Qunused-arguments -Wl,--no-undefined  -Wl,--gc-sections  CMakeFiles/cmTC_f569c.dir/CheckIncludeFile.c.o -o cmTC_f569c   -latomic -lm 
gmake[1]: Leaving directory '/home/gallaann/AndroidStudioProjects/libs/mbedits/build/x86_64/CMakeFiles/CMakeTmp'



