Performing C SOURCE FILE Test CMAKE_HAVE_LIBC_PTHREAD failed with the following output:
Change Dir: /home/gallaann/AndroidStudioProjects/libs/mbedits/build/x86_64/CMakeFiles/CMakeTmp

Run Build Command(s):/usr/bin/gmake -f Makefile cmTC_2e578/fast && /usr/bin/gmake  -f CMakeFiles/cmTC_2e578.dir/build.make CMakeFiles/cmTC_2e578.dir/build
gmake[1]: Entering directory '/home/gallaann/AndroidStudioProjects/libs/mbedits/build/x86_64/CMakeFiles/CMakeTmp'
Building C object CMakeFiles/cmTC_2e578.dir/src.c.o
/home/gallaann/Android/Sdk/ndk/23.1.7779620/toolchains/llvm/prebuilt/linux-x86_64/bin/clang --target=x86_64-none-linux-android21 --sysroot=/home/gallaann/Android/Sdk/ndk/23.1.7779620/toolchains/llvm/prebuilt/linux-x86_64/sysroot -DCMAKE_HAVE_LIBC_PTHREAD  -DANDROID -fdata-sections -ffunction-sections -funwind-tables -fstack-protector-strong -no-canonical-prefixes -D_FORTIFY_SOURCE=2 -Wformat -Werror=format-security -fexceptions -Wall -Wextra -Wwrite-strings -Wpointer-arith -Wimplicit-fallthrough -Wshadow -Wvla -Wformat=2 -Wno-format-nonliteral -Werror  -O2 -g -DNDEBUG -fPIE -MD -MT CMakeFiles/cmTC_2e578.dir/src.c.o -MF CMakeFiles/cmTC_2e578.dir/src.c.o.d -o CMakeFiles/cmTC_2e578.dir/src.c.o -c /home/gallaann/AndroidStudioProjects/libs/mbedits/build/x86_64/CMakeFiles/CMakeTmp/src.c
/home/gallaann/AndroidStudioProjects/libs/mbedits/build/x86_64/CMakeFiles/CMakeTmp/src.c:13:3: error: implicit declaration of function 'pthread_cancel' is invalid in C99 [-Werror,-Wimplicit-function-declaration]
  pthread_cancel(thread);
  ^
/home/gallaann/AndroidStudioProjects/libs/mbedits/build/x86_64/CMakeFiles/CMakeTmp/src.c:13:3: note: did you mean 'pthread_once'?
/home/gallaann/Android/Sdk/ndk/23.1.7779620/toolchains/llvm/prebuilt/linux-x86_64/sysroot/usr/include/pthread.h:275:5: note: 'pthread_once' declared here
int pthread_once(pthread_once_t* __once, void (*__init_routine)(void));
    ^
1 error generated.
gmake[1]: *** [CMakeFiles/cmTC_2e578.dir/build.make:79: CMakeFiles/cmTC_2e578.dir/src.c.o] Error 1
gmake[1]: Leaving directory '/home/gallaann/AndroidStudioProjects/libs/mbedits/build/x86_64/CMakeFiles/CMakeTmp'
gmake: *** [Makefile:127: cmTC_2e578/fast] Error 2


Source file was:
#include <pthread.h>

static void* test_func(void* data)
{
  return data;
}

int main(void)
{
  pthread_t thread;
  pthread_create(&thread, NULL, test_func, NULL);
  pthread_detach(thread);
  pthread_cancel(thread);
  pthread_join(thread, NULL);
  pthread_atfork(NULL, NULL, NULL);
  pthread_exit(NULL);

  return 0;
}

Determining if the function pthread_create exists in the pthreads failed with the following output:
Change Dir: /home/gallaann/AndroidStudioProjects/libs/mbedits/build/x86_64/CMakeFiles/CMakeTmp

Run Build Command(s):/usr/bin/gmake -f Makefile cmTC_022a8/fast && /usr/bin/gmake  -f CMakeFiles/cmTC_022a8.dir/build.make CMakeFiles/cmTC_022a8.dir/build
gmake[1]: Entering directory '/home/gallaann/AndroidStudioProjects/libs/mbedits/build/x86_64/CMakeFiles/CMakeTmp'
Building C object CMakeFiles/cmTC_022a8.dir/CheckFunctionExists.c.o
/home/gallaann/Android/Sdk/ndk/23.1.7779620/toolchains/llvm/prebuilt/linux-x86_64/bin/clang --target=x86_64-none-linux-android21 --sysroot=/home/gallaann/Android/Sdk/ndk/23.1.7779620/toolchains/llvm/prebuilt/linux-x86_64/sysroot   -DANDROID -fdata-sections -ffunction-sections -funwind-tables -fstack-protector-strong -no-canonical-prefixes -D_FORTIFY_SOURCE=2 -Wformat -Werror=format-security -fexceptions -Wall -Wextra -Wwrite-strings -Wpointer-arith -Wimplicit-fallthrough -Wshadow -Wvla -Wformat=2 -Wno-format-nonliteral -Werror -DCHECK_FUNCTION_EXISTS=pthread_create -O2 -g -DNDEBUG -fPIE -MD -MT CMakeFiles/cmTC_022a8.dir/CheckFunctionExists.c.o -MF CMakeFiles/cmTC_022a8.dir/CheckFunctionExists.c.o.d -o CMakeFiles/cmTC_022a8.dir/CheckFunctionExists.c.o -c /home/gallaann/Android/Sdk/cmake/3.22.1/share/cmake-3.22/Modules/CheckFunctionExists.c
Linking C executable cmTC_022a8
/home/gallaann/Android/Sdk/cmake/3.22.1/bin/cmake -E cmake_link_script CMakeFiles/cmTC_022a8.dir/link.txt --verbose=1
/home/gallaann/Android/Sdk/ndk/23.1.7779620/toolchains/llvm/prebuilt/linux-x86_64/bin/clang --target=x86_64-none-linux-android21 --sysroot=/home/gallaann/Android/Sdk/ndk/23.1.7779620/toolchains/llvm/prebuilt/linux-x86_64/sysroot -DANDROID -fdata-sections -ffunction-sections -funwind-tables -fstack-protector-strong -no-canonical-prefixes -D_FORTIFY_SOURCE=2 -Wformat -Werror=format-security -fexceptions -Wall -Wextra -Wwrite-strings -Wpointer-arith -Wimplicit-fallthrough -Wshadow -Wvla -Wformat=2 -Wno-format-nonliteral -Werror -DCHECK_FUNCTION_EXISTS=pthread_create -O2 -g -DNDEBUG -Wl,--build-id=sha1 -Wl,--no-rosegment -Wl,--fatal-warnings -Qunused-arguments -Wl,--no-undefined  -Wl,--gc-sections  CMakeFiles/cmTC_022a8.dir/CheckFunctionExists.c.o -o cmTC_022a8  -lpthreads  -latomic -lm 
ld: error: unable to find library -lpthreads
clang: error: linker command failed with exit code 1 (use -v to see invocation)
gmake[1]: *** [CMakeFiles/cmTC_022a8.dir/build.make:100: cmTC_022a8] Error 1
gmake[1]: Leaving directory '/home/gallaann/AndroidStudioProjects/libs/mbedits/build/x86_64/CMakeFiles/CMakeTmp'
gmake: *** [Makefile:127: cmTC_022a8/fast] Error 2



Determining if the function pthread_create exists in the pthread failed with the following output:
Change Dir: /home/gallaann/AndroidStudioProjects/libs/mbedits/build/x86_64/CMakeFiles/CMakeTmp

Run Build Command(s):/usr/bin/gmake -f Makefile cmTC_81c55/fast && /usr/bin/gmake  -f CMakeFiles/cmTC_81c55.dir/build.make CMakeFiles/cmTC_81c55.dir/build
gmake[1]: Entering directory '/home/gallaann/AndroidStudioProjects/libs/mbedits/build/x86_64/CMakeFiles/CMakeTmp'
Building C object CMakeFiles/cmTC_81c55.dir/CheckFunctionExists.c.o
/home/gallaann/Android/Sdk/ndk/23.1.7779620/toolchains/llvm/prebuilt/linux-x86_64/bin/clang --target=x86_64-none-linux-android21 --sysroot=/home/gallaann/Android/Sdk/ndk/23.1.7779620/toolchains/llvm/prebuilt/linux-x86_64/sysroot   -DANDROID -fdata-sections -ffunction-sections -funwind-tables -fstack-protector-strong -no-canonical-prefixes -D_FORTIFY_SOURCE=2 -Wformat -Werror=format-security -fexceptions -Wall -Wextra -Wwrite-strings -Wpointer-arith -Wimplicit-fallthrough -Wshadow -Wvla -Wformat=2 -Wno-format-nonliteral -Werror -DCHECK_FUNCTION_EXISTS=pthread_create -O2 -g -DNDEBUG -fPIE -MD -MT CMakeFiles/cmTC_81c55.dir/CheckFunctionExists.c.o -MF CMakeFiles/cmTC_81c55.dir/CheckFunctionExists.c.o.d -o CMakeFiles/cmTC_81c55.dir/CheckFunctionExists.c.o -c /home/gallaann/Android/Sdk/cmake/3.22.1/share/cmake-3.22/Modules/CheckFunctionExists.c
Linking C executable cmTC_81c55
/home/gallaann/Android/Sdk/cmake/3.22.1/bin/cmake -E cmake_link_script CMakeFiles/cmTC_81c55.dir/link.txt --verbose=1
/home/gallaann/Android/Sdk/ndk/23.1.7779620/toolchains/llvm/prebuilt/linux-x86_64/bin/clang --target=x86_64-none-linux-android21 --sysroot=/home/gallaann/Android/Sdk/ndk/23.1.7779620/toolchains/llvm/prebuilt/linux-x86_64/sysroot -DANDROID -fdata-sections -ffunction-sections -funwind-tables -fstack-protector-strong -no-canonical-prefixes -D_FORTIFY_SOURCE=2 -Wformat -Werror=format-security -fexceptions -Wall -Wextra -Wwrite-strings -Wpointer-arith -Wimplicit-fallthrough -Wshadow -Wvla -Wformat=2 -Wno-format-nonliteral -Werror -DCHECK_FUNCTION_EXISTS=pthread_create -O2 -g -DNDEBUG -Wl,--build-id=sha1 -Wl,--no-rosegment -Wl,--fatal-warnings -Qunused-arguments -Wl,--no-undefined  -Wl,--gc-sections  CMakeFiles/cmTC_81c55.dir/CheckFunctionExists.c.o -o cmTC_81c55  -lpthread  -latomic -lm 
ld: error: unable to find library -lpthread
clang: error: linker command failed with exit code 1 (use -v to see invocation)
gmake[1]: *** [CMakeFiles/cmTC_81c55.dir/build.make:100: cmTC_81c55] Error 1
gmake[1]: Leaving directory '/home/gallaann/AndroidStudioProjects/libs/mbedits/build/x86_64/CMakeFiles/CMakeTmp'
gmake: *** [Makefile:127: cmTC_81c55/fast] Error 2



